Web / API server started at http://localhost:4000
URIError: Failed to decode param '/firestore/projects/coaches-project-8d77f/messages/0:1614324404011371%e609af1cf9fd7ecd'
    at decodeURIComponent (<anonymous>)
    at s (C:\Users\Thanh Son\.cache\firebase\emulators\ui-v1.4.2\server.bundle.js:120:428)
    at r.match (C:\Users\Thanh Son\.cache\firebase\emulators\ui-v1.4.2\server.bundle.js:120:968)
    at b (C:\Users\Thanh Son\.cache\firebase\emulators\ui-v1.4.2\server.bundle.js:106:574)
    at g (C:\Users\Thanh Son\.cache\firebase\emulators\ui-v1.4.2\server.bundle.js:106:1998)
    at C:\Users\Thanh Son\.cache\firebase\emulators\ui-v1.4.2\server.bundle.js:326:1252
    at r.handle_request (C:\Users\Thanh Son\.cache\firebase\emulators\ui-v1.4.2\server.bundle.js:120:784)
    at C:\Users\Thanh Son\.cache\firebase\emulators\ui-v1.4.2\server.bundle.js:106:2906
    at C:\Users\Thanh Son\.cache\firebase\emulators\ui-v1.4.2\server.bundle.js:106:2928
    at Function.v.process_params (C:\Users\Thanh Son\.cache\firebase\emulators\ui-v1.4.2\server.bundle.js:106:3437)
URIError: Failed to decode param '/projects/coaches-project-8d77f/messages/0:1614324404011371%e609af1cf9fd7ecd'
    at decodeURIComponent (<anonymous>)
    at s (C:\Users\Thanh Son\.cache\firebase\emulators\ui-v1.4.2\server.bundle.js:120:428)
    at r.match (C:\Users\Thanh Son\.cache\firebase\emulators\ui-v1.4.2\server.bundle.js:120:968)
    at b (C:\Users\Thanh Son\.cache\firebase\emulators\ui-v1.4.2\server.bundle.js:106:574)
    at g (C:\Users\Thanh Son\.cache\firebase\emulators\ui-v1.4.2\server.bundle.js:106:1998)
    at C:\Users\Thanh Son\.cache\firebase\emulators\ui-v1.4.2\server.bundle.js:326:1252
    at r.handle_request (C:\Users\Thanh Son\.cache\firebase\emulators\ui-v1.4.2\server.bundle.js:120:784)
    at C:\Users\Thanh Son\.cache\firebase\emulators\ui-v1.4.2\server.bundle.js:106:2906
    at C:\Users\Thanh Son\.cache\firebase\emulators\ui-v1.4.2\server.bundle.js:106:2928
    at Function.v.process_params (C:\Users\Thanh Son\.cache\firebase\emulators\ui-v1.4.2\server.bundle.js:106:3437)
URIError: Failed to decode param '/projects/coaches-project-8d77f/messages/0:1614324404011371%e609af1cf9fd7ecd'
    at decodeURIComponent (<anonymous>)
    at s (C:\Users\Thanh Son\.cache\firebase\emulators\ui-v1.4.2\server.bundle.js:120:428)
    at r.match (C:\Users\Thanh Son\.cache\firebase\emulators\ui-v1.4.2\server.bundle.js:120:968)
    at b (C:\Users\Thanh Son\.cache\firebase\emulators\ui-v1.4.2\server.bundle.js:106:574)
    at g (C:\Users\Thanh Son\.cache\firebase\emulators\ui-v1.4.2\server.bundle.js:106:1998)
    at C:\Users\Thanh Son\.cache\firebase\emulators\ui-v1.4.2\server.bundle.js:326:1252
    at r.handle_request (C:\Users\Thanh Son\.cache\firebase\emulators\ui-v1.4.2\server.bundle.js:120:784)
    at C:\Users\Thanh Son\.cache\firebase\emulators\ui-v1.4.2\server.bundle.js:106:2906
    at C:\Users\Thanh Son\.cache\firebase\emulators\ui-v1.4.2\server.bundle.js:106:2928
    at Function.v.process_params (C:\Users\Thanh Son\.cache\firebase\emulators\ui-v1.4.2\server.bundle.js:106:3437)
